<?xml version="1.0" encoding="UTF-8"?>
<!-- Generated by org.testng.reporters.JUnitReportReporter -->
<testsuite hostname="God" failures="0" tests="2" name="finaltest.Yep" time="1.527" errors="0" timestamp="2024-08-10T17:01:12 ICT" skipped="1">
  <testcase classname="finaltest.Yep" name="testSearch" time="1.527"/>
  <testcase classname="finaltest.Yep" name="testCheckbox">
    <skipped/>
  </testcase> <!-- testCheckbox -->
</testsuite> <!-- finaltest.Yep -->
