<?xml version="1.0" encoding="UTF-8"?>
<!-- Generated by org.testng.reporters.JUnitReportReporter -->
<testsuite hostname="God" failures="0" tests="13" name="lab8.TestSauceDemo" time="11.614" errors="0" timestamp="2024-08-03T12:37:42 ICT" skipped="0">
  <testcase classname="lab8.TestSauceDemo" name="testLoginlocked_out_user" time="2.368"/>
  <testcase classname="lab8.TestSauceDemo" name="testLoginproblem_user" time="0.364"/>
  <testcase classname="lab8.TestSauceDemo" name="testWithWrongPasswordperformance_glitch_user" time="0.358"/>
  <testcase classname="lab8.TestSauceDemo" name="testWithWrongPasswordlocked_out_user" time="0.392"/>
  <testcase classname="lab8.TestSauceDemo" name="testWithWrongPasswordvisual_user" time="0.355"/>
  <testcase classname="lab8.TestSauceDemo" name="testWithWrongPasswordproblem_user" time="0.356"/>
  <testcase classname="lab8.TestSauceDemo" name="testWithWrongPasswordstandarduser" time="0.329"/>
  <testcase classname="lab8.TestSauceDemo" name="checkTitle" time="0.186"/>
  <testcase classname="lab8.TestSauceDemo" name="testLoginperformance_glitch_user" time="5.374"/>
  <testcase classname="lab8.TestSauceDemo" name="testWithWrongPassworderror_user" time="0.361"/>
  <testcase classname="lab8.TestSauceDemo" name="testLoginvisual_user" time="0.335"/>
  <testcase classname="lab8.TestSauceDemo" name="testLoginerror_user" time="0.424"/>
  <testcase classname="lab8.TestSauceDemo" name="testLogin" time="0.412"/>
</testsuite> <!-- lab8.TestSauceDemo -->
