<?xml version="1.0" encoding="UTF-8" ?>
<testsuite tests="101" failures="0" name="SuiteAll" time="8.257" errors="0" skipped="1">
  <properties>
    <property name="java.runtime.name" value="Java(TM) SE Runtime Environment"/>
    <property name="java.vm.version" value="19.0.2+7-44"/>
    <property name="sun.boot.library.path" value="C:\Program Files\Java\jdk-19\bin"/>
    <property name="maven.multiModuleProjectDirectory" value="C:\Users\dinhh\Desktop\da1\hatttt\duan_1_finaltest"/>
    <property name="java.vm.vendor" value="Oracle Corporation"/>
    <property name="java.vendor.url" value="https://java.oracle.com/"/>
    <property name="guice.disable.misplaced.annotation.check" value="true"/>
    <property name="path.separator" value=";"/>
    <property name="java.vm.name" value="Java HotSpot(TM) 64-Bit Server VM"/>
    <property name="sun.os.patch.level" value=""/>
    <property name="user.script" value=""/>
    <property name="user.country" value="US"/>
    <property name="sun.java.launcher" value="SUN_STANDARD"/>
    <property name="test" value="SuiteAll"/>
    <property name="java.vm.specification.name" value="Java Virtual Machine Specification"/>
    <property name="user.dir" value="C:\Users\dinhh\Desktop\da1\hatttt\duan_1_finaltest"/>
    <property name="java.vm.compressedOopsMode" value="Zero based"/>
    <property name="java.runtime.version" value="19.0.2+7-44"/>
    <property name="os.arch" value="amd64"/>
    <property name="java.io.tmpdir" value="C:\Users\dinhh\AppData\Local\Temp\"/>
    <property name="line.separator" value="
"/>
    <property name="java.vm.specification.vendor" value="Oracle Corporation"/>
    <property name="user.variant" value=""/>
    <property name="stderr.encoding" value="Cp1252"/>
    <property name="os.name" value="Windows 11"/>
    <property name="maven.ext.class.path" value="C:\Program Files\NetBeans-17\netbeans\java\maven-nblib\netbeans-eventspy.jar"/>
    <property name="classworlds.conf" value="C:\Program Files\NetBeans-17\netbeans\java\maven\bin\m2.conf"/>
    <property name="sun.jnu.encoding" value="Cp1252"/>
    <property name="stdout.encoding" value="Cp1252"/>
    <property name="java.library.path" value="C:\Program Files\Java\jdk-19\bin;C:\WINDOWS\Sun\Java\bin;C:\WINDOWS\system32;C:\WINDOWS;C:\Users\dinhh\AppData\Local\Programs\Python\Python37\;C:\Users\dinhh\AppData\Local\Programs\Python\Python37\Scripts\;C:\Program Files\Microsoft MPI\Bin\;C:\Program Files\Common Files\Oracle\Java\javapath;C:\Windows\system32;C:\Windows;C:\Windows\System32\Wbem;C:\Windows\System32\WindowsPowerShell\v1.0\;C:\Windows\System32\OpenSSH\;C:\Program Files (x86)\NVIDIA Corporation\PhysX\Common;C:\Program Files\NVIDIA Corporation\NVIDIA NvDLISR;C:\WINDOWS\system32;C:\WINDOWS;C:\WINDOWS\System32\Wbem;C:\WINDOWS\System32\WindowsPowerShell\v1.0\;C:\WINDOWS\System32\OpenSSH\;C:\Program Files\Microsoft SQL Server\Client SDK\ODBC\170\Tools\Binn\;C:\Program Files (x86)\Microsoft SQL Server\150\Tools\Binn\;C:\Program Files\Microsoft SQL Server\150\Tools\Binn\;C:\Program Files\Microsoft SQL Server\150\DTS\Binn\;C:\Program Files (x86)\Microsoft SQL Server\150\DTS\Binn\;C:\Program Files (x86)\Microsoft SQL Server\160\DTS\Binn\;C:\Program Files\Azure Data Studio\bin;C:\Program Files\Docker\Docker\resources\bin;C:\Program Files\Git\cmd;C:\Program Files (x86)\Windows Kits\10\Windows Performance Toolkit\;%NVM_HOME%;%NVM_SYMLINK%;C:\Users\dinhh\AppData\Local\Programs\Python\Python36;C:\Users\dinhh\AppData\Local\Programs\Python\Python36\Scripts;C:\Program Files\Azure Data Studio\bin;C:\Users\dinhh\AppData\Local\Programs\Microsoft VS Code\bin;C:\Users\dinhh\AppData\Roaming\npm;C:\Users\dinhh\AppData\Local\Programs\Python\Launcher\;C:\Users\dinhh\AppData\Local\Programs\Python\Python312;C:\Users\dinhh\AppData\Local\Programs\Python\Python312\Scripts;C:\Users\dinhh\AppData\Local\Microsoft\WindowsApps;C:\Users\dinhh\AppData\Roaming\nvm;C:\Program Files\nodejs;C:\Users\dinhh\AppData\Local\GitHubDesktop\bin;."/>
    <property name="maven.conf" value="C:\Program Files\NetBeans-17\netbeans\java\maven/conf"/>
    <property name="jdk.debug" value="release"/>
    <property name="java.class.version" value="63.0"/>
    <property name="java.specification.name" value="Java Platform API Specification"/>
    <property name="sun.management.compiler" value="HotSpot 64-Bit Tiered Compilers"/>
    <property name="os.version" value="10.0"/>
    <property name="library.jansi.path" value="C:\Program Files\NetBeans-17\netbeans\java\maven\lib\jansi-native"/>
    <property name="user.home" value="C:\Users\dinhh"/>
    <property name="user.timezone" value="Asia/Saigon"/>
    <property name="file.encoding" value="UTF-8"/>
    <property name="java.specification.version" value="19"/>
    <property name="user.name" value="dinhh"/>
    <property name="java.class.path" value="C:\Program Files\NetBeans-17\netbeans\java\maven\boot\plexus-classworlds-2.6.0.jar"/>
    <property name="java.vm.specification.version" value="19"/>
    <property name="sun.arch.data.model" value="64"/>
    <property name="sun.java.command" value="org.codehaus.plexus.classworlds.launcher.Launcher -Dtest=SuiteAll -Dmaven.ext.class.path=C:\Program Files\NetBeans-17\netbeans\java\maven-nblib\netbeans-eventspy.jar --no-transfer-progress surefire:test"/>
    <property name="java.home" value="C:\Program Files\Java\jdk-19"/>
    <property name="user.language" value="en"/>
    <property name="java.specification.vendor" value="Oracle Corporation"/>
    <property name="java.vm.info" value="mixed mode, sharing"/>
    <property name="java.version" value="19.0.2"/>
    <property name="native.encoding" value="Cp1252"/>
    <property name="java.vendor" value="Oracle Corporation"/>
    <property name="maven.home" value="C:\Program Files\NetBeans-17\netbeans\java\maven"/>
    <property name="file.separator" value="\"/>
    <property name="java.version.date" value="2023-01-17"/>
    <property name="java.vendor.url.bug" value="https://bugreport.java.com/bugreport/"/>
    <property name="sun.io.unicode.encoding" value="UnicodeLittle"/>
    <property name="sun.cpu.endian" value="little"/>
    <property name="sun.cpu.isalist" value="amd64"/>
  </properties>
  <testcase classname="DuAn.entity.ThuongHieuTest" name="testToString" time="0.002"/>
  <testcase classname="DuAn.entity.ThuongHieuTest" name="testIsAndSetDeleted" time="0"/>
  <testcase classname="DuAn.entity.ThuongHieuTest" name="testGetAndSetNgayTao" time="0"/>
  <testcase classname="DuAn.entity.ThuongHieuTest" name="testGetAndSetMaThuongHieu" time="0"/>
  <testcase classname="DuAn.entity.ThuongHieuTest" name="testGetAndSetTenThuongHieu" time="0"/>
  <testcase classname="DuAn.entity.ThuongHieuTest" name="testGetAndSetLogo" time="0"/>
  <testcase classname="DuAn.entity.KhachHangTest" name="testSetAndGetTenKhachHang" time="0"/>
  <testcase classname="DuAn.entity.KhachHangTest" name="testSetAndGetNgaySinh" time="0"/>
  <testcase classname="DuAn.entity.KhachHangTest" name="testToString" time="0"/>
  <testcase classname="DuAn.entity.KhachHangTest" name="testSetAndGetHinh" time="0"/>
  <testcase classname="DuAn.entity.KhachHangTest" name="testSetAndGetEmail" time="0"/>
  <testcase classname="DuAn.entity.KhachHangTest" name="testSetAndGetNgayGiaNhap" time="0"/>
  <testcase classname="DuAn.entity.KhachHangTest" name="testSetAndGetDeleted" time="0"/>
  <testcase classname="DuAn.entity.KhachHangTest" name="testSetAndGetMaKhachHang" time="0"/>
  <testcase classname="DuAn.entity.KhachHangTest" name="testSetAndGetGioiTinh" time="0"/>
  <testcase classname="DuAn.entity.KhachHangTest" name="testSetAndGetSoDienThoai" time="0.008"/>
  <testcase classname="DuAn.entity.NonTest" name="testToString" time="0.005"/>
  <testcase classname="DuAn.entity.NonTest" name="testIsAndSetDeleted" time="0"/>
  <testcase classname="DuAn.entity.NonTest" name="testGetAndSetNgayTao" time="0.001"/>
  <testcase classname="DuAn.entity.NonTest" name="testGetAndSetMaThuongHieu" time="0"/>
  <testcase classname="DuAn.entity.NonTest" name="testGetAndSetSoLuong" time="0"/>
  <testcase classname="DuAn.entity.NonTest" name="testGetAndSetHinh" time="0"/>
  <testcase classname="DuAn.entity.NonTest" name="testGetAndSetMaNon" time="0.001"/>
  <testcase classname="DuAn.entity.NonTest" name="testGetAndSetMaLoai" time="0"/>
  <testcase classname="DuAn.entity.NonTest" name="testGetAndSetTenNon" time="0"/>
  <testcase classname="DuAn.entity.NonTest" name="testGetAndSetGia" time="0.001"/>
  <testcase classname="DuAn.entity.NonTest" name="testGetAndSetGiamGia" time="0"/>
  <testcase classname="DuAn.entity.LoaiTest" name="testGetTenLoai" time="0"/>
  <testcase classname="DuAn.entity.LoaiTest" name="testToString" time="0"/>
  <testcase classname="DuAn.entity.LoaiTest" name="testSetDeleted" time="0.001"/>
  <testcase classname="DuAn.entity.LoaiTest" name="testSetTenLoai" time="0"/>
  <testcase classname="DuAn.entity.LoaiTest" name="testSetMaLoai" time="0"/>
  <testcase classname="DuAn.entity.LoaiTest" name="testGetMaLoai" time="0"/>
  <testcase classname="DuAn.entity.LoaiTest" name="testIsDeleted" time="0"/>
  <testcase classname="DuAn.entity.NhanVienTest" name="testGetEmail" time="0"/>
  <testcase classname="DuAn.entity.NhanVienTest" name="testGetHoTen" time="0"/>
  <testcase classname="DuAn.entity.NhanVienTest" name="testSetMatKhau" time="0"/>
  <testcase classname="DuAn.entity.NhanVienTest" name="testToString" time="0.001"/>
  <testcase classname="DuAn.entity.NhanVienTest" name="testSetDeleted" time="0"/>
  <testcase classname="DuAn.entity.NhanVienTest" name="testGetHinh" time="0"/>
  <testcase classname="DuAn.entity.NhanVienTest" name="testGetMaNV" time="0"/>
  <testcase classname="DuAn.entity.NhanVienTest" name="testIsVaiTro" time="0"/>
  <testcase classname="DuAn.entity.NhanVienTest" name="testGetMatKhau" time="0"/>
  <testcase classname="DuAn.entity.NhanVienTest" name="testSetVaiTro" time="0"/>
  <testcase classname="DuAn.entity.NhanVienTest" name="testGetOtp" time="0"/>
  <testcase classname="DuAn.entity.NhanVienTest" name="testGetSdt" time="0.001"/>
  <testcase classname="DuAn.entity.NhanVienTest" name="testSetHinh" time="0"/>
  <testcase classname="DuAn.entity.NhanVienTest" name="testSetMaNV" time="0"/>
  <testcase classname="DuAn.entity.NhanVienTest" name="testIsDeleted" time="0"/>
  <testcase classname="DuAn.entity.NhanVienTest" name="testSetOtp" time="0"/>
  <testcase classname="DuAn.entity.NhanVienTest" name="testSetSdt" time="0"/>
  <testcase classname="DuAn.entity.NhanVienTest" name="testSetEmail" time="0"/>
  <testcase classname="DuAn.entity.NhanVienTest" name="testSetHoTen" time="0"/>
  <testcase classname="DuAn.dao.NonDAOTest" name="testGetByThuongHieuNotFound" time="0.95"/>
  <testcase classname="DuAn.dao.NonDAOTest" name="testSelectAll" time="0.278"/>
  <testcase classname="DuAn.dao.NonDAOTest" name="testGenerateNewId" time="0.258"/>
  <testcase classname="DuAn.dao.NonDAOTest" name="testInsertConflict" time="0.348"/>
  <testcase classname="DuAn.dao.NonDAOTest" name="testSelectBySql" time="0.261"/>
  <testcase classname="DuAn.dao.NonDAOTest" name="testGetByLoaiNotFound" time="0.245"/>
  <testcase classname="DuAn.dao.NonDAOTest" name="testDelete" time="0.35"/>
  <testcase classname="DuAn.dao.NonDAOTest" name="testInsert" time="0.275"/>
  <testcase classname="DuAn.dao.NonDAOTest" name="testUpdate" time="0.404"/>
  <testcase classname="DuAn.dao.NonDAOTest" name="testSelectById" time="0.314"/>
  <testcase classname="DuAn.dao.ThuongHieuDAOTest" name="testSelectAll" time="0.04"/>
  <testcase classname="DuAn.dao.ThuongHieuDAOTest" name="testGenerateNewId" time="0.046"/>
  <testcase classname="DuAn.dao.ThuongHieuDAOTest" name="testInsertConflict" time="0.117"/>
  <testcase classname="DuAn.dao.ThuongHieuDAOTest" name="testSelectBySql" time="0.037"/>
  <testcase classname="DuAn.dao.ThuongHieuDAOTest" name="testGetByName" time="0.1"/>
  <testcase classname="DuAn.dao.ThuongHieuDAOTest" name="testDelete" time="0.107"/>
  <testcase classname="DuAn.dao.ThuongHieuDAOTest" name="testInsert" time="0.115"/>
  <testcase classname="DuAn.dao.ThuongHieuDAOTest" name="testUpdate" time="0.143"/>
  <testcase classname="DuAn.dao.ThuongHieuDAOTest" name="testSelectById" time="0.115"/>
  <testcase classname="DuAn.dao.LoaiDAOTest" name="testForceDelete" time="0.138"/>
  <testcase classname="DuAn.dao.LoaiDAOTest" name="testSelectAll" time="0.069"/>
  <testcase classname="DuAn.dao.LoaiDAOTest" name="testGenerateNewId" time="0.052"/>
  <testcase classname="DuAn.dao.LoaiDAOTest" name="testInsertConflict" time="0.118"/>
  <testcase classname="DuAn.dao.LoaiDAOTest" name="testSelectBySql" time="0.125"/>
  <testcase classname="DuAn.dao.LoaiDAOTest" name="testGetByLoai" time="0.15"/>
  <testcase classname="DuAn.dao.LoaiDAOTest" name="testGetByName" time="0.14"/>
  <testcase classname="DuAn.dao.LoaiDAOTest" name="testInsert" time="0.123"/>
  <testcase classname="DuAn.dao.LoaiDAOTest" name="testUpdate" time="0.15"/>
  <testcase classname="DuAn.dao.LoaiDAOTest" name="testSelectById" time="0.164"/>
  <testcase classname="DuAn.dao.KhachHangDAOTest" name="testGetBySDT" time="0.111"/>
  <testcase classname="DuAn.dao.KhachHangDAOTest" name="testSelectAll" time="0.121"/>
  <testcase classname="DuAn.dao.KhachHangDAOTest" name="testGenerateNewId" time="0.042"/>
  <testcase classname="DuAn.dao.KhachHangDAOTest" name="testInsertConflict" time="0.097"/>
  <testcase classname="DuAn.dao.KhachHangDAOTest" name="testSelectBySql" time="0.125"/>
  <testcase classname="DuAn.dao.KhachHangDAOTest" name="testDelete" time="0.112"/>
  <testcase classname="DuAn.dao.KhachHangDAOTest" name="testInsert" time="0.1"/>
  <testcase classname="DuAn.dao.KhachHangDAOTest" name="testUpdate" time="0.159"/>
  <testcase classname="DuAn.dao.KhachHangDAOTest" name="testSelectById" time="0.145"/>
  <testcase classname="DuAn.dao.NhanVienDAOTest" name="testUpdateKhongDoiMatKhau" time="0.147">
    <skipped/>
  </testcase>
  <testcase classname="DuAn.dao.NhanVienDAOTest" name="testSelectAll" time="0.055"/>
  <testcase classname="DuAn.dao.NhanVienDAOTest" name="testGenerateNewId" time="0.051"/>
  <testcase classname="DuAn.dao.NhanVienDAOTest" name="testLayMaQuenMatKhau" time="0.172"/>
  <testcase classname="DuAn.dao.NhanVienDAOTest" name="testSelectBySql" time="0.043"/>
  <testcase classname="DuAn.dao.NhanVienDAOTest" name="testGetByEmail" time="0.154"/>
  <testcase classname="DuAn.dao.NhanVienDAOTest" name="testDelete" time="0.17"/>
  <testcase classname="DuAn.dao.NhanVienDAOTest" name="testInsert" time="0.187"/>
  <testcase classname="DuAn.dao.NhanVienDAOTest" name="testUpdate" time="0.32"/>
  <testcase classname="DuAn.dao.NhanVienDAOTest" name="testSelectById" time="0.193"/>
</testsuite>