<?xml version="1.0" encoding="UTF-8" ?>
<testsuite tests="48" failures="0" name="DuAn.dao.SuiteClassDAO" time="7.06" errors="0" skipped="1">
  <properties>
    <property name="java.runtime.name" value="Java(TM) SE Runtime Environment"/>
    <property name="java.vm.version" value="19.0.2+7-44"/>
    <property name="sun.boot.library.path" value="C:\Program Files\Java\jdk-19\bin"/>
    <property name="maven.multiModuleProjectDirectory" value="C:\Users\dinhh\Desktop\da1\hatttt\duan_1_finaltest"/>
    <property name="java.vm.vendor" value="Oracle Corporation"/>
    <property name="java.vendor.url" value="https://java.oracle.com/"/>
    <property name="guice.disable.misplaced.annotation.check" value="true"/>
    <property name="path.separator" value=";"/>
    <property name="java.vm.name" value="Java HotSpot(TM) 64-Bit Server VM"/>
    <property name="sun.os.patch.level" value=""/>
    <property name="user.script" value=""/>
    <property name="user.country" value="US"/>
    <property name="sun.java.launcher" value="SUN_STANDARD"/>
    <property name="test" value="DuAn.dao.SuiteClassDAO"/>
    <property name="java.vm.specification.name" value="Java Virtual Machine Specification"/>
    <property name="user.dir" value="C:\Users\dinhh\Desktop\da1\hatttt\duan_1_finaltest"/>
    <property name="java.vm.compressedOopsMode" value="Zero based"/>
    <property name="java.runtime.version" value="19.0.2+7-44"/>
    <property name="os.arch" value="amd64"/>
    <property name="java.io.tmpdir" value="C:\Users\dinhh\AppData\Local\Temp\"/>
    <property name="line.separator" value="
"/>
    <property name="java.vm.specification.vendor" value="Oracle Corporation"/>
    <property name="user.variant" value=""/>
    <property name="stderr.encoding" value="Cp1252"/>
    <property name="os.name" value="Windows 11"/>
    <property name="maven.ext.class.path" value="C:\Program Files\NetBeans-17\netbeans\java\maven-nblib\netbeans-eventspy.jar"/>
    <property name="classworlds.conf" value="C:\Program Files\NetBeans-17\netbeans\java\maven\bin\m2.conf"/>
    <property name="sun.jnu.encoding" value="Cp1252"/>
    <property name="stdout.encoding" value="Cp1252"/>
    <property name="java.library.path" value="C:\Program Files\Java\jdk-19\bin;C:\WINDOWS\Sun\Java\bin;C:\WINDOWS\system32;C:\WINDOWS;C:\Users\dinhh\AppData\Local\Programs\Python\Python37\;C:\Users\dinhh\AppData\Local\Programs\Python\Python37\Scripts\;C:\Program Files\Microsoft MPI\Bin\;C:\Program Files\Common Files\Oracle\Java\javapath;C:\Windows\system32;C:\Windows;C:\Windows\System32\Wbem;C:\Windows\System32\WindowsPowerShell\v1.0\;C:\Windows\System32\OpenSSH\;C:\Program Files (x86)\NVIDIA Corporation\PhysX\Common;C:\Program Files\NVIDIA Corporation\NVIDIA NvDLISR;C:\WINDOWS\system32;C:\WINDOWS;C:\WINDOWS\System32\Wbem;C:\WINDOWS\System32\WindowsPowerShell\v1.0\;C:\WINDOWS\System32\OpenSSH\;C:\Program Files\Microsoft SQL Server\Client SDK\ODBC\170\Tools\Binn\;C:\Program Files (x86)\Microsoft SQL Server\150\Tools\Binn\;C:\Program Files\Microsoft SQL Server\150\Tools\Binn\;C:\Program Files\Microsoft SQL Server\150\DTS\Binn\;C:\Program Files (x86)\Microsoft SQL Server\150\DTS\Binn\;C:\Program Files (x86)\Microsoft SQL Server\160\DTS\Binn\;C:\Program Files\Azure Data Studio\bin;C:\Program Files\Docker\Docker\resources\bin;C:\Program Files\Git\cmd;C:\Program Files (x86)\Windows Kits\10\Windows Performance Toolkit\;%NVM_HOME%;%NVM_SYMLINK%;C:\Users\dinhh\AppData\Local\Programs\Python\Python36;C:\Users\dinhh\AppData\Local\Programs\Python\Python36\Scripts;C:\Program Files\Azure Data Studio\bin;C:\Users\dinhh\AppData\Local\Programs\Microsoft VS Code\bin;C:\Users\dinhh\AppData\Roaming\npm;C:\Users\dinhh\AppData\Local\Programs\Python\Launcher\;C:\Users\dinhh\AppData\Local\Programs\Python\Python312;C:\Users\dinhh\AppData\Local\Programs\Python\Python312\Scripts;C:\Users\dinhh\AppData\Local\Microsoft\WindowsApps;C:\Users\dinhh\AppData\Roaming\nvm;C:\Program Files\nodejs;C:\Users\dinhh\AppData\Local\GitHubDesktop\bin;."/>
    <property name="maven.conf" value="C:\Program Files\NetBeans-17\netbeans\java\maven/conf"/>
    <property name="jdk.debug" value="release"/>
    <property name="java.class.version" value="63.0"/>
    <property name="java.specification.name" value="Java Platform API Specification"/>
    <property name="sun.management.compiler" value="HotSpot 64-Bit Tiered Compilers"/>
    <property name="os.version" value="10.0"/>
    <property name="library.jansi.path" value="C:\Program Files\NetBeans-17\netbeans\java\maven\lib\jansi-native"/>
    <property name="user.home" value="C:\Users\dinhh"/>
    <property name="user.timezone" value="Asia/Saigon"/>
    <property name="file.encoding" value="UTF-8"/>
    <property name="java.specification.version" value="19"/>
    <property name="user.name" value="dinhh"/>
    <property name="java.class.path" value="C:\Program Files\NetBeans-17\netbeans\java\maven\boot\plexus-classworlds-2.6.0.jar"/>
    <property name="java.vm.specification.version" value="19"/>
    <property name="sun.arch.data.model" value="64"/>
    <property name="sun.java.command" value="org.codehaus.plexus.classworlds.launcher.Launcher -Dtest=DuAn.dao.SuiteClassDAO -Dmaven.ext.class.path=C:\Program Files\NetBeans-17\netbeans\java\maven-nblib\netbeans-eventspy.jar --no-transfer-progress surefire:test"/>
    <property name="java.home" value="C:\Program Files\Java\jdk-19"/>
    <property name="user.language" value="en"/>
    <property name="java.specification.vendor" value="Oracle Corporation"/>
    <property name="java.vm.info" value="mixed mode, sharing"/>
    <property name="java.version" value="19.0.2"/>
    <property name="native.encoding" value="Cp1252"/>
    <property name="java.vendor" value="Oracle Corporation"/>
    <property name="maven.home" value="C:\Program Files\NetBeans-17\netbeans\java\maven"/>
    <property name="file.separator" value="\"/>
    <property name="java.version.date" value="2023-01-17"/>
    <property name="java.vendor.url.bug" value="https://bugreport.java.com/bugreport/"/>
    <property name="sun.io.unicode.encoding" value="UnicodeLittle"/>
    <property name="sun.cpu.endian" value="little"/>
    <property name="sun.cpu.isalist" value="amd64"/>
  </properties>
  <testcase classname="DuAn.dao.NonDAOTest" name="testGetByThuongHieuNotFound" time="0.995"/>
  <testcase classname="DuAn.dao.NonDAOTest" name="testSelectAll" time="0.267"/>
  <testcase classname="DuAn.dao.NonDAOTest" name="testGenerateNewId" time="0.267"/>
  <testcase classname="DuAn.dao.NonDAOTest" name="testInsertConflict" time="0.278"/>
  <testcase classname="DuAn.dao.NonDAOTest" name="testSelectBySql" time="0.198"/>
  <testcase classname="DuAn.dao.NonDAOTest" name="testGetByLoaiNotFound" time="0.276"/>
  <testcase classname="DuAn.dao.NonDAOTest" name="testDelete" time="0.257"/>
  <testcase classname="DuAn.dao.NonDAOTest" name="testInsert" time="0.29"/>
  <testcase classname="DuAn.dao.NonDAOTest" name="testUpdate" time="0.259"/>
  <testcase classname="DuAn.dao.NonDAOTest" name="testSelectById" time="0.309"/>
  <testcase classname="DuAn.dao.ThuongHieuDAOTest" name="testSelectAll" time="0.031"/>
  <testcase classname="DuAn.dao.ThuongHieuDAOTest" name="testGenerateNewId" time="0.027"/>
  <testcase classname="DuAn.dao.ThuongHieuDAOTest" name="testInsertConflict" time="0.07"/>
  <testcase classname="DuAn.dao.ThuongHieuDAOTest" name="testSelectBySql" time="0.031"/>
  <testcase classname="DuAn.dao.ThuongHieuDAOTest" name="testGetByName" time="0.061"/>
  <testcase classname="DuAn.dao.ThuongHieuDAOTest" name="testDelete" time="0.092"/>
  <testcase classname="DuAn.dao.ThuongHieuDAOTest" name="testInsert" time="0.096"/>
  <testcase classname="DuAn.dao.ThuongHieuDAOTest" name="testUpdate" time="0.133"/>
  <testcase classname="DuAn.dao.ThuongHieuDAOTest" name="testSelectById" time="0.085"/>
  <testcase classname="DuAn.dao.LoaiDAOTest" name="testForceDelete" time="0.096"/>
  <testcase classname="DuAn.dao.LoaiDAOTest" name="testSelectAll" time="0.047"/>
  <testcase classname="DuAn.dao.LoaiDAOTest" name="testGenerateNewId" time="0.046"/>
  <testcase classname="DuAn.dao.LoaiDAOTest" name="testInsertConflict" time="0.082"/>
  <testcase classname="DuAn.dao.LoaiDAOTest" name="testSelectBySql" time="0.08"/>
  <testcase classname="DuAn.dao.LoaiDAOTest" name="testGetByLoai" time="0.18"/>
  <testcase classname="DuAn.dao.LoaiDAOTest" name="testGetByName" time="0.091"/>
  <testcase classname="DuAn.dao.LoaiDAOTest" name="testInsert" time="0.082"/>
  <testcase classname="DuAn.dao.LoaiDAOTest" name="testUpdate" time="0.097"/>
  <testcase classname="DuAn.dao.LoaiDAOTest" name="testSelectById" time="0.092"/>
  <testcase classname="DuAn.dao.KhachHangDAOTest" name="testGetBySDT" time="0.104"/>
  <testcase classname="DuAn.dao.KhachHangDAOTest" name="testSelectAll" time="0.11"/>
  <testcase classname="DuAn.dao.KhachHangDAOTest" name="testGenerateNewId" time="0.031"/>
  <testcase classname="DuAn.dao.KhachHangDAOTest" name="testInsertConflict" time="0.08"/>
  <testcase classname="DuAn.dao.KhachHangDAOTest" name="testSelectBySql" time="0.092"/>
  <testcase classname="DuAn.dao.KhachHangDAOTest" name="testDelete" time="0.084"/>
  <testcase classname="DuAn.dao.KhachHangDAOTest" name="testInsert" time="0.071"/>
  <testcase classname="DuAn.dao.KhachHangDAOTest" name="testUpdate" time="0.127"/>
  <testcase classname="DuAn.dao.KhachHangDAOTest" name="testSelectById" time="0.137"/>
  <testcase classname="DuAn.dao.NhanVienDAOTest" name="testUpdateKhongDoiMatKhau" time="0.138">
    <skipped/>
  </testcase>
  <testcase classname="DuAn.dao.NhanVienDAOTest" name="testSelectAll" time="0.035"/>
  <testcase classname="DuAn.dao.NhanVienDAOTest" name="testGenerateNewId" time="0.031"/>
  <testcase classname="DuAn.dao.NhanVienDAOTest" name="testLayMaQuenMatKhau" time="0.142"/>
  <testcase classname="DuAn.dao.NhanVienDAOTest" name="testSelectBySql" time="0.027"/>
  <testcase classname="DuAn.dao.NhanVienDAOTest" name="testGetByEmail" time="0.143"/>
  <testcase classname="DuAn.dao.NhanVienDAOTest" name="testDelete" time="0.17"/>
  <testcase classname="DuAn.dao.NhanVienDAOTest" name="testInsert" time="0.153"/>
  <testcase classname="DuAn.dao.NhanVienDAOTest" name="testUpdate" time="0.238"/>
  <testcase classname="DuAn.dao.NhanVienDAOTest" name="testSelectById" time="0.232"/>
</testsuite>