<?xml version="1.0" encoding="UTF-8"?>
<!-- Generated by org.testng.reporters.JUnitReportReporter -->
<testsuite hostname="God" failures="0" tests="3" name="fpoly.testng.testNGPriorityExample" time="0.069" errors="0" timestamp="2024-07-28T15:09:00 ICT" skipped="0">
  <testcase classname="fpoly.testng.testNGPriorityExample" name="registerAccount" time="0.055"/>
  <testcase classname="fpoly.testng.testNGPriorityExample" name="login" time="0.006"/>
  <testcase classname="fpoly.testng.testNGPriorityExample" name="sendEmail" time="0.008"/>
</testsuite> <!-- fpoly.testng.testNGPriorityExample -->
