<?xml version="1.0" encoding="UTF-8"?>
<!-- Generated by org.testng.reporters.JUnitReportReporter -->
<testsuite hostname="god" failures="0" tests="2" name="fpoly.TestClass" time="0.024" errors="0" timestamp="2024-07-23T18:05:45 ICT" skipped="0">
  <testcase classname="fpoly.TestClass" name="unitLevel1" time="0.013"/>
  <testcase classname="fpoly.TestClass" name="unitLevel2" time="0.011"/>
</testsuite> <!-- fpoly.TestClass -->
