<?xml version="1.0" encoding="UTF-8"?>
<!-- Generated by org.testng.reporters.JUnitReportReporter -->
<testsuite hostname="God" failures="0" tests="2" name="fpoly.TestClass" time="0.027" errors="0" timestamp="2024-08-03T12:30:57 ICT" skipped="0">
  <testcase classname="fpoly.TestClass" name="unitLevel1" time="0.013"/>
  <testcase classname="fpoly.TestClass" name="unitLevel2" time="0.014"/>
</testsuite> <!-- fpoly.TestClass -->
