<?xml version="1.0" encoding="UTF-8"?>
<!-- Generated by org.testng.reporters.JUnitReportReporter -->
<testsuite hostname="God" failures="0" tests="1" name="fpoly.firsttestngfile" time="0.019" errors="0" timestamp="2024-08-03T12:31:09 ICT" skipped="0">
  <testcase classname="fpoly.firsttestngfile" name="verifyHomepageTitle" time="0.019"/>
</testsuite> <!-- fpoly.firsttestngfile -->
