<?xml version="1.0" encoding="UTF-8"?>
<!-- Generated by org.testng.reporters.JUnitReportReporter -->
<testsuite hostname="god" failures="0" tests="1" name="fpoly.firsttestngfile" time="0.063" errors="0" timestamp="2024-07-23T17:41:44 ICT" skipped="0">
  <testcase classname="fpoly.firsttestngfile" name="verifyHomepageTitle" time="0.063"/>
</testsuite> <!-- fpoly.firsttestngfile -->
