<?xml version="1.0" encoding="UTF-8"?>
<!-- Generated by org.testng.reporters.JUnitReportReporter -->
<testsuite hostname="God" failures="0" tests="2" name="fpoly.testng.ParametersTesting" time="0.012" errors="0" timestamp="2024-07-28T15:06:31 ICT" skipped="0">
  <testcase classname="fpoly.testng.ParametersTesting" name="OpenBrowser" time="0.002"/>
  <testcase classname="fpoly.testng.ParametersTesting" name="FillLoginForm" time="0.010"/>
</testsuite> <!-- fpoly.testng.ParametersTesting -->
