<?xml version="1.0" encoding="UTF-8"?>
<!-- Generated by org.testng.reporters.JUnitReportReporter -->
<testsuite hostname="god" failures="0" tests="1" name="lab4.lab4.ClassStudentTest" time="0.018" errors="0" timestamp="2024-07-13T17:14:31 ICT" skipped="0">
  <testcase classname="lab4.lab4.ClassStudentTest" name="f" time="0.018"/>
  <system-out/>
</testsuite> <!-- lab4.lab4.ClassStudentTest -->
