<?xml version="1.0" encoding="UTF-8"?>
<!-- Generated by org.testng.reporters.JUnitReportReporter -->
<testsuite hostname="god" failures="0" tests="2" name="fpoly.DemoTwo" time="0.012" errors="0" timestamp="2024-07-23T17:28:16 ICT" skipped="0">
  <testcase classname="fpoly.DemoTwo" name="secondTestCase" time="0.008"/>
  <testcase classname="fpoly.DemoTwo" name="firstTestCase" time="0.004"/>
</testsuite> <!-- fpoly.DemoTwo -->
