<?xml version="1.0" encoding="UTF-8"?>
<!-- Generated by org.testng.reporters.JUnitReportReporter -->
<testsuite hostname="god" failures="0" tests="2" name="fpoly.DemoOne" time="0.051" errors="0" timestamp="2024-07-23T17:28:16 ICT" skipped="0">
  <testcase classname="fpoly.DemoOne" name="firstTestCase" time="0.045"/>
  <testcase classname="fpoly.DemoOne" name="secondTestCase" time="0.006"/>
</testsuite> <!-- fpoly.DemoOne -->
