<?xml version="1.0" encoding="UTF-8"?>
<!-- Generated by org.testng.reporters.JUnitReportReporter -->
<testsuite hostname="God" failures="0" tests="1" name="lab5.fpoly" time="2.659" errors="0" timestamp="2024-08-03T12:28:25 ICT" skipped="0">
  <testcase classname="lab5.fpoly" name="verifyHomepageTitle" time="2.659"/>
</testsuite> <!-- lab5.fpoly -->
