<?xml version="1.0" encoding="UTF-8"?>
<!-- Generated by org.testng.reporters.JUnitReportReporter -->
<testsuite hostname="god" failures="0" tests="3" name="poly.groupExamples" time="0.020" errors="0" timestamp="2024-07-23T17:35:23 ICT" skipped="0">
  <testcase classname="poly.groupExamples" name="testCaseOne" time="0.003"/>
  <testcase classname="poly.groupExamples" name="testCaseTwo" time="0.002"/>
  <testcase classname="poly.groupExamples" name="testCaseFour" time="0.015"/>
</testsuite> <!-- poly.groupExamples -->
