<?xml version="1.0" encoding="UTF-8"?>
<!-- Generated by org.testng.reporters.JUnitReportReporter -->
<testsuite hostname="God" failures="0" tests="4" name="poly.groupExamples" time="0.019" errors="0" timestamp="2024-08-03T12:23:47 ICT" skipped="0">
  <testcase classname="poly.groupExamples" name="testCaseThree" time="0.003"/>
  <testcase classname="poly.groupExamples" name="testCaseFour" time="0.012"/>
  <testcase classname="poly.groupExamples" name="testCaseTwo" time="0.002"/>
  <testcase classname="poly.groupExamples" name="testCaseOne" time="0.002"/>
</testsuite> <!-- poly.groupExamples -->
