<?xml version="1.0" encoding="UTF-8"?>
<!-- Generated by org.testng.reporters.JUnitReportReporter -->
<testsuite hostname="tiend" failures="0" tests="1" name="firsttestngpackage.FirstTestNGFile" time="0.006" errors="0" timestamp="2024-07-13T16:30:35 ICT" skipped="0">
  <testcase classname="firsttestngpackage.FirstTestNGFile" name="f" time="0.006"/>
  <system-out/>
</testsuite> <!-- firsttestngpackage.FirstTestNGFile -->
