<?xml version="1.0" encoding="UTF-8"?>
<!-- Generated by org.testng.reporters.JUnitReportReporter -->
<testsuite hostname="God" failures="0" tests="1" name="test.Amazon" time="14.477" errors="0" timestamp="2024-08-06T17:44:43 ICT" skipped="0">
  <testcase classname="test.Amazon" name="testSearch" time="14.477"/>
</testsuite> <!-- test.Amazon -->
