<?xml version="1.0" encoding="UTF-8"?>
<!-- Generated by org.testng.reporters.JUnitReportReporter -->
<testsuite hostname="God" failures="0" tests="1" name="test.EBay" time="7.086" errors="0" timestamp="2024-08-06T17:06:33 ICT" skipped="0">
  <testcase classname="test.EBay" name="testSearch" time="7.086"/>
</testsuite> <!-- test.EBay -->
