<?xml version="1.0" encoding="UTF-8"?>
<!-- Generated by org.testng.reporters.JUnitReportReporter -->
<testsuite hostname="tiend" failures="0" tests="1" name="polyhcm.TestVatCalculator" time="0.008" errors="0" timestamp="13 Jul 2024 09:37:11 GMT" skipped="0">
  <testcase classname="polyhcm.TestVatCalculator" name="testGetVatOnAmount" time="0.008"/>
</testsuite> <!-- polyhcm.TestVatCalculator -->
